# JRE version: OpenJDK Runtime Environment (23.0.2+7) (build 23.0.2+7-58)
# Java VM: OpenJDK 64-Bit Server VM (23.0.2+7-58, mixed mode, sharing, tiered, compressed oops, compressed class ptrs, g1 gc, windows-amd64)
GC Precious Log:
 CardTable entry size: 512
 Card Set container configuration: InlinePtr #cards 4 size 8 Array Of Cards #cards 16 size 48 Howl #buckets 8 coarsen threshold 3686 Howl Bitmap #cards 512 size 80 coarsen threshold 460 Card regions per heap region 1 cards per card region 4096
 CPUs: 16 total, 16 available
 Memory: 15791M
 Large Page Support: Disabled
 NUMA Support: Disabled
 Compressed Oops: Enabled (Zero based)
 Heap Region Size: 2M
 Heap Min Capacity: 8M
 Heap Initial Capacity: 248M
 Heap Max Capacity: 3948M
 Pre-touch: Disabled
 Parallel Workers: 13
 Concurrent Workers: 3
 Concurrent Refinement Workers: 13
 Periodic GC: Disabled
Heap:
 garbage-first heap   total reserved 4042752K, committed 96256K, used 60296K [0x0000000709400000, 0x0000000800000000)
  region size 2048K, 5 young (10240K), 2 survivors (4096K)
 Metaspace       used 89048K, committed 89920K, reserved 1179648K
  class space    used 12455K, committed 12864K, reserved 1048576K
GC Heap History (20 events):
Event: 12.521 GC heap before
{Heap before GC invocations=10 (full 0):
 garbage-first heap   total reserved 4042752K, committed 96256K, used 75900K [0x0000000709400000, 0x0000000800000000)
  region size 2048K, 22 young (45056K), 2 survivors (4096K)
 Metaspace       used 42030K, committed 42560K, reserved 1114112K
  class space    used 5559K, committed 5824K, reserved 1048576K
}
Event: 12.526 GC heap after
{Heap after GC invocations=11 (full 0):
 garbage-first heap   total reserved 4042752K, committed 96256K, used 37763K [0x0000000709400000, 0x0000000800000000)
  region size 2048K, 3 young (6144K), 3 survivors (6144K)
 Metaspace       used 42030K, committed 42560K, reserved 1114112K
  class space    used 5559K, committed 5824K, reserved 1048576K
}
Event: 13.098 GC heap before
{Heap before GC invocations=11 (full 0):
 garbage-first heap   total reserved 4042752K, committed 96256K, used 76675K [0x0000000709400000, 0x0000000800000000)
  region size 2048K, 23 young (47104K), 3 survivors (6144K)
 Metaspace       used 44268K, committed 44864K, reserved 1114112K
  class space    used 5810K, committed 6080K, reserved 1048576K
}
Event: 13.107 GC heap after
{Heap after GC invocations=12 (full 0):
 garbage-first heap   total reserved 4042752K, committed 96256K, used 39464K [0x0000000709400000, 0x0000000800000000)
  region size 2048K, 3 young (6144K), 3 survivors (6144K)
 Metaspace       used 44268K, committed 44864K, reserved 1114112K
  class space    used 5810K, committed 6080K, reserved 1048576K
}
Event: 16.465 GC heap before
{Heap before GC invocations=12 (full 0):
 garbage-first heap   total reserved 4042752K, committed 96256K, used 78376K [0x0000000709400000, 0x0000000800000000)
  region size 2048K, 22 young (45056K), 3 survivors (6144K)
 Metaspace       used 52212K, committed 52800K, reserved 1114112K
  class space    used 6878K, committed 7168K, reserved 1048576K
}
Event: 16.470 GC heap after
{Heap after GC invocations=13 (full 0):
 garbage-first heap   total reserved 4042752K, committed 96256K, used 42872K [0x0000000709400000, 0x0000000800000000)
  region size 2048K, 2 young (4096K), 2 survivors (4096K)
 Metaspace       used 52212K, committed 52800K, reserved 1114112K
  class space    used 6878K, committed 7168K, reserved 1048576K
}
Event: 26.205 GC heap before
{Heap before GC invocations=13 (full 0):
 garbage-first heap   total reserved 4042752K, committed 96256K, used 75640K [0x0000000709400000, 0x0000000800000000)
  region size 2048K, 19 young (38912K), 2 survivors (4096K)
 Metaspace       used 59801K, committed 60416K, reserved 1114112K
  class space    used 7941K, committed 8192K, reserved 1048576K
}
Event: 26.211 GC heap after
{Heap after GC invocations=14 (full 0):
 garbage-first heap   total reserved 4042752K, committed 96256K, used 44766K [0x0000000709400000, 0x0000000800000000)
  region size 2048K, 3 young (6144K), 3 survivors (6144K)
 Metaspace       used 59801K, committed 60416K, reserved 1114112K
  class space    used 7941K, committed 8192K, reserved 1048576K
}
Event: 28.252 GC heap before
{Heap before GC invocations=15 (full 0):
 garbage-first heap   total reserved 4042752K, committed 96256K, used 81630K [0x0000000709400000, 0x0000000800000000)
  region size 2048K, 21 young (43008K), 3 survivors (6144K)
 Metaspace       used 68948K, committed 69632K, reserved 1114112K
  class space    used 9268K, committed 9600K, reserved 1048576K
}
Event: 28.258 GC heap after
{Heap after GC invocations=16 (full 0):
 garbage-first heap   total reserved 4042752K, committed 96256K, used 46566K [0x0000000709400000, 0x0000000800000000)
  region size 2048K, 3 young (6144K), 3 survivors (6144K)
 Metaspace       used 68948K, committed 69632K, reserved 1114112K
  class space    used 9268K, committed 9600K, reserved 1048576K
}
Event: 33.733 GC heap before
{Heap before GC invocations=16 (full 0):
 garbage-first heap   total reserved 4042752K, committed 96256K, used 81382K [0x0000000709400000, 0x0000000800000000)
  region size 2048K, 20 young (40960K), 3 survivors (6144K)
 Metaspace       used 77519K, committed 78336K, reserved 1179648K
  class space    used 10730K, committed 11136K, reserved 1048576K
}
Event: 33.738 GC heap after
{Heap after GC invocations=17 (full 0):
 garbage-first heap   total reserved 4042752K, committed 96256K, used 47811K [0x0000000709400000, 0x0000000800000000)
  region size 2048K, 2 young (4096K), 2 survivors (4096K)
 Metaspace       used 77519K, committed 78336K, reserved 1179648K
  class space    used 10730K, committed 11136K, reserved 1048576K
}
Event: 34.611 GC heap before
{Heap before GC invocations=17 (full 0):
 garbage-first heap   total reserved 4042752K, committed 96256K, used 84675K [0x0000000709400000, 0x0000000800000000)
  region size 2048K, 20 young (40960K), 2 survivors (4096K)
 Metaspace       used 81766K, committed 82560K, reserved 1179648K
  class space    used 11284K, committed 11648K, reserved 1048576K
}
Event: 34.617 GC heap after
{Heap after GC invocations=18 (full 0):
 garbage-first heap   total reserved 4042752K, committed 96256K, used 51096K [0x0000000709400000, 0x0000000800000000)
  region size 2048K, 3 young (6144K), 3 survivors (6144K)
 Metaspace       used 81766K, committed 82560K, reserved 1179648K
  class space    used 11284K, committed 11648K, reserved 1048576K
}
Event: 35.401 GC heap before
{Heap before GC invocations=19 (full 0):
 garbage-first heap   total reserved 4042752K, committed 96256K, used 81816K [0x0000000709400000, 0x0000000800000000)
  region size 2048K, 18 young (36864K), 3 survivors (6144K)
 Metaspace       used 83995K, committed 84800K, reserved 1179648K
  class space    used 11699K, committed 12032K, reserved 1048576K
}
Event: 35.406 GC heap after
{Heap after GC invocations=20 (full 0):
 garbage-first heap   total reserved 4042752K, committed 96256K, used 53740K [0x0000000709400000, 0x0000000800000000)
  region size 2048K, 3 young (6144K), 3 survivors (6144K)
 Metaspace       used 83995K, committed 84800K, reserved 1179648K
  class space    used 11699K, committed 12032K, reserved 1048576K
}
Event: 36.020 GC heap before
{Heap before GC invocations=20 (full 0):
 garbage-first heap   total reserved 4042752K, committed 96256K, used 82412K [0x0000000709400000, 0x0000000800000000)
  region size 2048K, 17 young (34816K), 3 survivors (6144K)
 Metaspace       used 85186K, committed 86016K, reserved 1179648K
  class space    used 11867K, committed 12224K, reserved 1048576K
}
Event: 36.026 GC heap after
{Heap after GC invocations=21 (full 0):
 garbage-first heap   total reserved 4042752K, committed 96256K, used 54544K [0x0000000709400000, 0x0000000800000000)
  region size 2048K, 3 young (6144K), 3 survivors (6144K)
 Metaspace       used 85186K, committed 86016K, reserved 1179648K
  class space    used 11867K, committed 12224K, reserved 1048576K
}
Event: 36.739 GC heap before
{Heap before GC invocations=21 (full 0):
 garbage-first heap   total reserved 4042752K, committed 96256K, used 81168K [0x0000000709400000, 0x0000000800000000)
  region size 2048K, 16 young (32768K), 3 survivors (6144K)
 Metaspace       used 88898K, committed 89792K, reserved 1179648K
  class space    used 12403K, committed 12800K, reserved 1048576K
}
Event: 36.745 GC heap after
{Heap after GC invocations=22 (full 0):
 garbage-first heap   total reserved 4042752K, committed 96256K, used 56200K [0x0000000709400000, 0x0000000800000000)
  region size 2048K, 2 young (4096K), 2 survivors (4096K)
 Metaspace       used 88898K, committed 89792K, reserved 1179648K
  class space    used 12403K, committed 12800K, reserved 1048576K
}

